./include/command.h:1: MINOR:C-G1
./include/my.h:32: MAJOR:C-F3
./lib/Makefile:32: illegal token in column 20, giving up (hint: fix the file or remove it from the working set)
./lib/my/my_concat.c:22: MINOR:C-L6
./lib/my/my_concat.c:37: MAJOR:C-L1
./lib/my/my_concat.c:41: MAJOR:C-L1
./lib/my/my_concat.c:48: MAJOR:C-F4
./lib/my/my_concat.c:49: MAJOR:C-F4
./lib/my/my_concat.c:50: MAJOR:C-F4
./lib/my/my_concat.c:51: MAJOR:C-F4
./lib/my/my_str_to_word_array.c:12: MINOR:C-L4
./lib/my/my_str_to_word_array.c:15: MINOR:C-L6
./lib/my/my_str_to_word_array.c:16: MINOR:C-F8
./lib/my/my_str_to_word_array.c:16: MAJOR:C-L5
./lib/my/my_str_to_word_array.c:17: MINOR:C-F8
./lib/my/my_str_to_word_array.c:17: MAJOR:C-L5
./lib/my/my_str_to_word_array.c:19: MINOR:C-F8
./lib/my/my_str_to_word_array.c:23: MINOR:C-F8
./lib/my/my_str_to_word_array.c:24: MINOR:C-F8
./lib/my/my_str_to_word_array.c:25: MAJOR:C-F3
./lib/my/my_str_to_word_array.c:25: MINOR:C-F8
./lib/my/my_str_to_word_array.c:29: MAJOR:C-F3
./lib/my/my_str_to_word_array.c:29: MINOR:C-L4
./lib/my/my_str_to_word_array.c:34: MINOR:C-L6
./lib/my/my_str_to_word_array.c:35: MINOR:C-F8
./lib/my/my_str_to_word_array.c:37: MAJOR:C-L5
./lib/my/my_str_to_word_array.c:39: MINOR:C-F8
./lib/my/my_str_to_word_array.c:42: MINOR:C-F8
./lib/my/my_str_to_word_array.c:44: MINOR:C-L6
./lib/my/my_str_to_word_array.c:45: MINOR:C-F8
./lib/my/my_str_to_word_array.c:46: MAJOR:C-L5
./lib/my/my_str_to_word_array.c:50: MAJOR:C-F4
./lib/my/my_str_to_word_array.c:51: MAJOR:C-F4
./lib/my/my_str_to_word_array.c:51: MINOR:C-L6
./lib/my/my_str_to_word_array.c:52: MAJOR:C-F4
./lib/my/my_str_to_word_array.c:52: MINOR:C-F8
./lib/my/my_str_to_word_array.c:53: MAJOR:C-F4
./lib/my/my_str_to_word_array.c:54: MAJOR:C-F4
./lib/my/my_str_to_word_array.c:55: MAJOR:C-F4
./lib/my/my_str_to_word_array.c:56: MAJOR:C-F4
./lib/my/my_str_to_word_array.c:57: MAJOR:C-F4
./lib/my/my_str_to_word_array.c:57: MINOR:C-F8
./lib/my/my_str_to_word_array.c:58: MAJOR:C-C1
./lib/my/my_str_to_word_array.c:58: MAJOR:C-F4
./lib/my/my_str_to_word_array.c:59: MAJOR:C-F4
./lib/my/my_str_to_word_array.c:59: MINOR:C-F8
./lib/my/my_str_to_word_array.c:60: MAJOR:C-F4
./lib/my/my_str_to_word_array.c:61: MAJOR:C-F4
./lib/my/my_str_to_word_array.c:61: MINOR:C-F8
./lib/my/my_str_to_word_array.c:62: MAJOR:C-F4
./lib/my/my_str_to_word_array.c:63: MAJOR:C-F4
./lib/my/my_str_to_word_array.c:64: MAJOR:C-F4
./lib/my/my_str_to_word_array.c:65: MAJOR:C-F4
./lib/my/my_str_to_word_array.c:66: MAJOR:C-F4
./lib/my/my_str_to_word_array.c:66: MINOR:C-F8
./lib/my/my_str_to_word_array.c:67: MAJOR:C-F4
./lib/my/my_strchr.c:17: MINOR:C-L6
./lib/my/my_strchr.c:21: MINOR:C-L6
./lib/my/my_strchr.c:23: INFO:C-A3
./lib/my/my_strclen.c:13: MINOR:C-L6
./src/initialize/initialize.c:13: MAJOR:C-L5
./src/initialize/initialize_env.c:13: MAJOR:C-L5
./src/initialize/initialize_env.c:14: MINOR:C-L6
./src/initialize/initialize_up_env.c:13: MAJOR:C-L5
./src/initialize/initialize_up_env.c:15: MAJOR:C-L5
./src/initialize/initialize_up_env.c:16: MINOR:C-L6
./src/initialize/initialize_up_env.c:22: MAJOR:C-L1
./src/main.c:17: MAJOR:C-C1
./src/main.c:19: MAJOR:C-C1
./src/main.c:76: MAJOR:C-O3
./src/main.c:93: MAJOR:C-O3
./src/main.c:114: MAJOR:C-O3
./src/main.c:134: MAJOR:C-O3
./src/main.c:157: MAJOR:C-O3
./src/main.c:173: MAJOR:C-O3
./src/main.c:196: MAJOR:C-F3
./src/main.c:196: MAJOR:C-F4
./src/main.c:197: MAJOR:C-F4
./src/main.c:198: MAJOR:C-F4
./src/main.c:199: MAJOR:C-F4
./src/main.c:200: MAJOR:C-F4
./src/main.c:201: MAJOR:C-F4
./src/main.c:202: MAJOR:C-F4
./src/main.c:205: MAJOR:C-O3
./src/main.c:215: MAJOR:C-O3
./src/main.c:224: MAJOR:C-O3
./src/main.c:231: MAJOR:C-L5
./src/main.c:232: MINOR:C-L6
./src/main.c:246: MAJOR:C-F4
./src/main.c:247: MAJOR:C-F4
./src/main.c:248: MAJOR:C-F4
./src/main.c:249: MAJOR:C-F4
./src/main.c:250: MAJOR:C-F4
./src/main.c:251: MAJOR:C-F4
./src/main.c:254: MAJOR:C-O3
./src/my_funcontion/my_cd.c:1: MINOR:C-G1
./src/my_funcontion/my_clear.c:1: MINOR:C-G1
./src/my_funcontion/my_echo.c:1: MINOR:C-G1
./src/my_funcontion/my_env.o:1: MAJOR:C-O1
./src/my_funcontion/my_env_update.c:31: MAJOR:C-F3
./src/my_funcontion/my_env_update.c:44: INFO:C-A3
./src/my_funcontion/my_pwd.c:1: MINOR:C-G1
./src/my_funcontion/my_setenv.c:1: MINOR:C-G1
./src/my_funcontion/my_unsetenv.c:1: MINOR:C-G1
./src/my_funcontion/my_unsetenv.c:62: MAJOR:C-F3
./src/shell_function/command_function.c:22: MAJOR:C-L1
./src/shell_function/command_function.c:28: MAJOR:C-L5
./src/shell_function/parcing.c:32: MAJOR:C-F4
./src/shell_function/parcing.c:33: MAJOR:C-F4
./src/shell_function/parcing.c:34: MAJOR:C-F4
./src/shell_function/parcing.c:35: MAJOR:C-F4
./src/shell_function/parcing.c:36: MAJOR:C-F4
./src/shell_function/parcing.c:44: MINOR:C-L6
./src/shell_function/parcing.c:47: MINOR:C-L6
./src/shell_function/parcing.c:49: MINOR:C-L6
./src/shell_function/parcing.c:59: INFO:C-A3
./src/shell_function/process_input.c:11: MAJOR:C-H1
./src/shell_function/process_input.c:35: MAJOR:C-F4
./src/shell_function/process_input.c:36: INFO:C-A3
./src/shell_function/verify_command.c:45: MAJOR:C-L1
./src/shell_function/verify_command.c:76: MAJOR:C-L1
./src/shell_function/verify_command.c:134: INFO:C-A3
